0 info it worked if it ends with ok
1 verbose cli [ 'c:\\Program Files\\nodejs\\node.exe',
1 verbose cli   'c:\\Program Files\\nodejs\\node_modules\\npm\\bin\\npm-cli.js',
1 verbose cli   'start' ]
2 info using npm@3.3.12
3 info using node@v5.3.0
4 verbose run-script [ 'prestart', 'start', 'poststart' ]
5 info lifecycle dropbox@1.0.0~prestart: dropbox@1.0.0
6 silly lifecycle dropbox@1.0.0~prestart: no script for prestart, continuing
7 info lifecycle dropbox@1.0.0~start: dropbox@1.0.0
8 verbose lifecycle dropbox@1.0.0~start: unsafe-perm in lifecycle true
9 verbose lifecycle dropbox@1.0.0~start: PATH: C:\Users\fnguye1\AppData\Roaming\nvm\v5.3.0\node_modules\npm\bin\node-gyp-bin;c:\Users\fnguye1\Desktop\Node\dropbox\node_modules\.bin;c:\Users\fnguye1\bin;.;C:\Program Files (x86)\Git\local\bin;C:\Program Files (x86)\Git\mingw\bin;C:\Program Files (x86)\Git\bin;c:\ProgramData\Oracle\Java\javapath;c:\Informatica\9.1.0\DataTransformation\bin;c:\Informatica\9.1.0\clients\tools\datadirect;c:\Informatica\9.1.0\clients\DeveloperClient\bin;c:\Informatica\9.1.0\clients\java\jre\bin\server;c:\Program Files\Teradata\Client\15.00\ODBC Driver for Teradata nt-x8664\Lib;c:\Program Files\Teradata\Client\15.00\bin\;c:\Program Files (x86)\Teradata\Client\15.00\bin\;c:\Program Files (x86)\Teradata\Client\15.00\ODBC Driver for Teradata\Lib;c:\Program Files (x86)\RSA SecurID Token Common;c:\WINDOWS\system32;c:\WINDOWS;c:\WINDOWS\System32\Wbem;c:\WINDOWS\System32\WindowsPowerShell\v1.0\;c:\Program Files (x86)\Informix\bin;c:\Program Files (x86)\ibm\gsk7\bin;c:\Program Files (x86)\ibm\gsk7\lib;c:\Program Files\IBM\GSK7_64\bin;c:\Program Files\IBM\GSK7_64\lib64;c:\Program Files (x86)\Microsoft Application Virtualization Client;c:\Program Files\Java\jdk1.8.0_40\bin;c:\Apache Software Foundation\apache-maven-3.2.5\bin;c:\WALMART APPLICATIONS\LARS\;c:\Program Files\Informix\bin;c:\Program Files (x86)\Enterprise Vault\EVClient\;c:\Automation\browserdrivers\chromedriver_win32\;c:\Program Files (x86)\Java\jre1.8.0_40\bin;c:\Program Files\TortoiseGit\bin;c:\grails\grails-2.4.1\bin;c:\Program Files (x86)\WebEx\PTools020000000;c:\Automation\browserdrivers\IEDriverServer_Win32_2.41.0;c:\Program Files (x86)\QuickTime\QTSystem\;c:\Program Files (x86)\1E\NomadBranch\;c:\Users\fnguye1\AppData\Roaming\nvm;c:\Program Files\nodejs;c:\Users\fnguye1\AppData\Roaming\npm;c:\Program Files (x86)\Microsoft VS Code\bin;c:\Users\fnguye1\AppData\Roaming\nvm;c:\Program Files\nodejs
10 verbose lifecycle dropbox@1.0.0~start: CWD: c:\Users\fnguye1\Desktop\Node\dropbox
11 silly lifecycle dropbox@1.0.0~start: Args: [ '/d /s /c',
11 silly lifecycle   'nodemon --exec babel-node -- --stage 1 --optional strict -- index.js' ]
12 silly lifecycle dropbox@1.0.0~start: Returned: code: 1  signal: null
13 info lifecycle dropbox@1.0.0~start: Failed to exec start script
14 verbose stack Error: dropbox@1.0.0 start: `nodemon --exec babel-node -- --stage 1 --optional strict -- index.js`
14 verbose stack Exit status 1
14 verbose stack     at EventEmitter.<anonymous> (C:\Users\fnguye1\AppData\Roaming\nvm\v5.3.0\node_modules\npm\lib\utils\lifecycle.js:232:16)
14 verbose stack     at emitTwo (events.js:87:13)
14 verbose stack     at EventEmitter.emit (events.js:172:7)
14 verbose stack     at ChildProcess.<anonymous> (C:\Users\fnguye1\AppData\Roaming\nvm\v5.3.0\node_modules\npm\lib\utils\spawn.js:24:14)
14 verbose stack     at emitTwo (events.js:87:13)
14 verbose stack     at ChildProcess.emit (events.js:172:7)
14 verbose stack     at maybeClose (internal/child_process.js:818:16)
14 verbose stack     at Process.ChildProcess._handle.onexit (internal/child_process.js:211:5)
15 verbose pkgid dropbox@1.0.0
16 verbose cwd c:\Users\fnguye1\Desktop\Node\dropbox
17 error Windows_NT 6.1.7601
18 error argv "c:\\Program Files\\nodejs\\node.exe" "c:\\Program Files\\nodejs\\node_modules\\npm\\bin\\npm-cli.js" "start"
19 error node v5.3.0
20 error npm  v3.3.12
21 error code ELIFECYCLE
22 error dropbox@1.0.0 start: `nodemon --exec babel-node -- --stage 1 --optional strict -- index.js`
22 error Exit status 1
23 error Failed at the dropbox@1.0.0 start script 'nodemon --exec babel-node -- --stage 1 --optional strict -- index.js'.
23 error Make sure you have the latest version of node.js and npm installed.
23 error If you do, this is most likely a problem with the dropbox package,
23 error not with npm itself.
23 error Tell the author that this fails on your system:
23 error     nodemon --exec babel-node -- --stage 1 --optional strict -- index.js
23 error You can get their info via:
23 error     npm owner ls dropbox
23 error There is likely additional logging output above.
24 verbose exit [ 1, true ]
